# JRE version: OpenJDK Runtime Environment (11.0.6+10) (build 11.0.6+10-post-Ubuntu-1ubuntu118.04.1)
# Java VM: OpenJDK 64-Bit Server VM (11.0.6+10-post-Ubuntu-1ubuntu118.04.1, mixed mode, sharing, tiered, compressed oops, serial gc, linux-amd64)
Heap:
 def new generation   total 42944K, used 4735K [0x00000000f0800000, 0x00000000f3690000, 0x00000000f5aa0000)
  eden space 38208K,  12% used [0x00000000f0800000, 0x00000000f0c9ff18, 0x00000000f2d50000)
  from space 4736K,   0% used [0x00000000f2d50000, 0x00000000f2d50000, 0x00000000f31f0000)
  to   space 4736K,   0% used [0x00000000f31f0000, 0x00000000f31f0000, 0x00000000f3690000)
 tenured generation   total 121080K, used 120894K [0x00000000f5aa0000, 0x00000000fd0de000, 0x0000000100000000)
   the space 121080K,  99% used [0x00000000f5aa0000, 0x00000000fd0afa38, 0x00000000fd0afc00, 0x00000000fd0de000)
 Metaspace       used 7165K, capacity 7371K, committed 7552K, reserved 1056768K
  class space    used 756K, capacity 836K, committed 896K, reserved 1048576K
GC Heap History (20 events):
Event: 0.464 GC heap after
{Heap after GC invocations=2 (full 0):
 def new generation   total 4928K, used 512K [0x00000000f0800000, 0x00000000f0d50000, 0x00000000f5aa0000)
  eden space 4416K,   0% used [0x00000000f0800000, 0x00000000f0800000, 0x00000000f0c50000)
  from space 512K, 100% used [0x00000000f0c50000, 0x00000000f0cd0000, 0x00000000f0cd0000)
  to   space 512K,   0% used [0x00000000f0cd0000, 0x00000000f0cd0000, 0x00000000f0d50000)
 tenured generation   total 10944K, used 1923K [0x00000000f5aa0000, 0x00000000f6550000, 0x0000000100000000)
   the space 10944K,  17% used [0x00000000f5aa0000, 0x00000000f5c80e58, 0x00000000f5c81000, 0x00000000f6550000)
 Metaspace       used 3622K, capacity 5643K, committed 5760K, reserved 1056768K
  class space    used 378K, capacity 556K, committed 640K, reserved 1048576K
}
Event: 0.659 GC heap before
{Heap before GC invocations=2 (full 0):
 def new generation   total 4928K, used 4928K [0x00000000f0800000, 0x00000000f0d50000, 0x00000000f5aa0000)
  eden space 4416K, 100% used [0x00000000f0800000, 0x00000000f0c50000, 0x00000000f0c50000)
  from space 512K, 100% used [0x00000000f0c50000, 0x00000000f0cd0000, 0x00000000f0cd0000)
  to   space 512K,   0% used [0x00000000f0cd0000, 0x00000000f0cd0000, 0x00000000f0d50000)
 tenured generation   total 10944K, used 1923K [0x00000000f5aa0000, 0x00000000f6550000, 0x0000000100000000)
   the space 10944K,  17% used [0x00000000f5aa0000, 0x00000000f5c80e58, 0x00000000f5c81000, 0x00000000f6550000)
 Metaspace       used 5119K, capacity 5898K, committed 6016K, reserved 1056768K
  class space    used 547K, capacity 624K, committed 640K, reserved 1048576K
}
Event: 0.662 GC heap after
{Heap after GC invocations=3 (full 0):
 def new generation   total 4928K, used 511K [0x00000000f0800000, 0x00000000f0d50000, 0x00000000f5aa0000)
  eden space 4416K,   0% used [0x00000000f0800000, 0x00000000f0800000, 0x00000000f0c50000)
  from space 512K,  99% used [0x00000000f0cd0000, 0x00000000f0d4fff8, 0x00000000f0d50000)
  to   space 512K,   0% used [0x00000000f0c50000, 0x00000000f0c50000, 0x00000000f0cd0000)
 tenured generation   total 10944K, used 2604K [0x00000000f5aa0000, 0x00000000f6550000, 0x0000000100000000)
   the space 10944K,  23% used [0x00000000f5aa0000, 0x00000000f5d2b068, 0x00000000f5d2b200, 0x00000000f6550000)
 Metaspace       used 5119K, capacity 5898K, committed 6016K, reserved 1056768K
  class space    used 547K, capacity 624K, committed 640K, reserved 1048576K
}
Event: 7.507 GC heap before
{Heap before GC invocations=3 (full 0):
 def new generation   total 4928K, used 4927K [0x00000000f0800000, 0x00000000f0d50000, 0x00000000f5aa0000)
  eden space 4416K, 100% used [0x00000000f0800000, 0x00000000f0c50000, 0x00000000f0c50000)
  from space 512K,  99% used [0x00000000f0cd0000, 0x00000000f0d4fff8, 0x00000000f0d50000)
  to   space 512K,   0% used [0x00000000f0c50000, 0x00000000f0c50000, 0x00000000f0cd0000)
 tenured generation   total 10944K, used 2604K [0x00000000f5aa0000, 0x00000000f6550000, 0x0000000100000000)
   the space 10944K,  23% used [0x00000000f5aa0000, 0x00000000f5d2b068, 0x00000000f5d2b200, 0x00000000f6550000)
 Metaspace       used 6889K, capacity 7158K, committed 7296K, reserved 1056768K
  class space    used 736K, capacity 830K, committed 896K, reserved 1048576K
}
Event: 7.511 GC heap after
{Heap after GC invocations=4 (full 0):
 def new generation   total 4928K, used 511K [0x00000000f0800000, 0x00000000f0d50000, 0x00000000f5aa0000)
  eden space 4416K,   0% used [0x00000000f0800000, 0x00000000f0800000, 0x00000000f0c50000)
  from space 512K,  99% used [0x00000000f0c50000, 0x00000000f0ccfff8, 0x00000000f0cd0000)
  to   space 512K,   0% used [0x00000000f0cd0000, 0x00000000f0cd0000, 0x00000000f0d50000)
 tenured generation   total 10944K, used 3553K [0x00000000f5aa0000, 0x00000000f6550000, 0x0000000100000000)
   the space 10944K,  32% used [0x00000000f5aa0000, 0x00000000f5e18598, 0x00000000f5e18600, 0x00000000f6550000)
 Metaspace       used 6889K, capacity 7158K, committed 7296K, reserved 1056768K
  class space    used 736K, capacity 830K, committed 896K, reserved 1048576K
}
Event: 7.587 GC heap before
{Heap before GC invocations=4 (full 0):
 def new generation   total 4928K, used 4927K [0x00000000f0800000, 0x00000000f0d50000, 0x00000000f5aa0000)
  eden space 4416K, 100% used [0x00000000f0800000, 0x00000000f0c50000, 0x00000000f0c50000)
  from space 512K,  99% used [0x00000000f0c50000, 0x00000000f0ccfff8, 0x00000000f0cd0000)
  to   space 512K,   0% used [0x00000000f0cd0000, 0x00000000f0cd0000, 0x00000000f0d50000)
 tenured generation   total 10944K, used 3553K [0x00000000f5aa0000, 0x00000000f6550000, 0x0000000100000000)
   the space 10944K,  32% used [0x00000000f5aa0000, 0x00000000f5e18598, 0x00000000f5e18600, 0x00000000f6550000)
 Metaspace       used 6933K, capacity 7222K, committed 7552K, reserved 1056768K
  class space    used 736K, capacity 830K, committed 896K, reserved 1048576K
}
Event: 7.599 GC heap after
{Heap after GC invocations=5 (full 0):
 def new generation   total 4928K, used 511K [0x00000000f0800000, 0x00000000f0d50000, 0x00000000f5aa0000)
  eden space 4416K,   0% used [0x00000000f0800000, 0x00000000f0800000, 0x00000000f0c50000)
  from space 512K,  99% used [0x00000000f0cd0000, 0x00000000f0d4fff8, 0x00000000f0d50000)
  to   space 512K,   0% used [0x00000000f0c50000, 0x00000000f0c50000, 0x00000000f0cd0000)
 tenured generation   total 10944K, used 7706K [0x00000000f5aa0000, 0x00000000f6550000, 0x0000000100000000)
   the space 10944K,  70% used [0x00000000f5aa0000, 0x00000000f6226878, 0x00000000f6226a00, 0x00000000f6550000)
 Metaspace       used 6933K, capacity 7222K, committed 7552K, reserved 1056768K
  class space    used 736K, capacity 830K, committed 896K, reserved 1048576K
}
Event: 7.644 GC heap before
{Heap before GC invocations=5 (full 0):
 def new generation   total 4928K, used 4927K [0x00000000f0800000, 0x00000000f0d50000, 0x00000000f5aa0000)
  eden space 4416K, 100% used [0x00000000f0800000, 0x00000000f0c50000, 0x00000000f0c50000)
  from space 512K,  99% used [0x00000000f0cd0000, 0x00000000f0d4fff8, 0x00000000f0d50000)
  to   space 512K,   0% used [0x00000000f0c50000, 0x00000000f0c50000, 0x00000000f0cd0000)
 tenured generation   total 10944K, used 7706K [0x00000000f5aa0000, 0x00000000f6550000, 0x0000000100000000)
   the space 10944K,  70% used [0x00000000f5aa0000, 0x00000000f6226878, 0x00000000f6226a00, 0x00000000f6550000)
 Metaspace       used 6948K, capacity 7222K, committed 7552K, reserved 1056768K
  class space    used 736K, capacity 830K, committed 896K, reserved 1048576K
}
Event: 7.686 GC heap after
{Heap after GC invocations=6 (full 1):
 def new generation   total 8960K, used 511K [0x00000000f0800000, 0x00000000f11b0000, 0x00000000f5aa0000)
  eden space 8000K,   6% used [0x00000000f0800000, 0x00000000f087ff00, 0x00000000f0fd0000)
  from space 960K,   0% used [0x00000000f0fd0000, 0x00000000f0fd0000, 0x00000000f10c0000)
  to   space 960K,   0% used [0x00000000f10c0000, 0x00000000f10c0000, 0x00000000f11b0000)
 tenured generation   total 19804K, used 11880K [0x00000000f5aa0000, 0x00000000f6df7000, 0x0000000100000000)
   the space 19804K,  59% used [0x00000000f5aa0000, 0x00000000f663a278, 0x00000000f663a400, 0x00000000f6df7000)
 Metaspace       used 6948K, capacity 7222K, committed 7552K, reserved 1056768K
  class space    used 736K, capacity 830K, committed 896K, reserved 1048576K
}
Event: 7.760 GC heap before
{Heap before GC invocations=6 (full 1):
 def new generation   total 8960K, used 8000K [0x00000000f0800000, 0x00000000f11b0000, 0x00000000f5aa0000)
  eden space 8000K, 100% used [0x00000000f0800000, 0x00000000f0fd0000, 0x00000000f0fd0000)
  from space 960K,   0% used [0x00000000f0fd0000, 0x00000000f0fd0000, 0x00000000f10c0000)
  to   space 960K,   0% used [0x00000000f10c0000, 0x00000000f10c0000, 0x00000000f11b0000)
 tenured generation   total 19804K, used 11880K [0x00000000f5aa0000, 0x00000000f6df7000, 0x0000000100000000)
   the space 19804K,  59% used [0x00000000f5aa0000, 0x00000000f663a278, 0x00000000f663a400, 0x00000000f6df7000)
 Metaspace       used 6962K, capacity 7222K, committed 7552K, reserved 1056768K
  class space    used 736K, capacity 830K, committed 896K, reserved 1048576K
}
Event: 7.802 GC heap after
{Heap after GC invocations=7 (full 1):
 def new generation   total 8960K, used 960K [0x00000000f0800000, 0x00000000f11b0000, 0x00000000f5aa0000)
  eden space 8000K,   0% used [0x00000000f0800000, 0x00000000f0800000, 0x00000000f0fd0000)
  from space 960K, 100% used [0x00000000f10c0000, 0x00000000f11b0000, 0x00000000f11b0000)
  to   space 960K,   0% used [0x00000000f0fd0000, 0x00000000f0fd0000, 0x00000000f10c0000)
 tenured generation   total 19804K, used 18491K [0x00000000f5aa0000, 0x00000000f6df7000, 0x0000000100000000)
   the space 19804K,  93% used [0x00000000f5aa0000, 0x00000000f6caeda0, 0x00000000f6caee00, 0x00000000f6df7000)
 Metaspace       used 6962K, capacity 7222K, committed 7552K, reserved 1056768K
  class space    used 736K, capacity 830K, committed 896K, reserved 1048576K
}
Event: 7.876 GC heap before
{Heap before GC invocations=7 (full 1):
 def new generation   total 8960K, used 8960K [0x00000000f0800000, 0x00000000f11b0000, 0x00000000f5aa0000)
  eden space 8000K, 100% used [0x00000000f0800000, 0x00000000f0fd0000, 0x00000000f0fd0000)
  from space 960K, 100% used [0x00000000f10c0000, 0x00000000f11b0000, 0x00000000f11b0000)
  to   space 960K,   0% used [0x00000000f0fd0000, 0x00000000f0fd0000, 0x00000000f10c0000)
 tenured generation   total 19804K, used 18491K [0x00000000f5aa0000, 0x00000000f6df7000, 0x0000000100000000)
   the space 19804K,  93% used [0x00000000f5aa0000, 0x00000000f6caeda0, 0x00000000f6caee00, 0x00000000f6df7000)
 Metaspace       used 6982K, capacity 7222K, committed 7552K, reserved 1056768K
  class space    used 736K, capacity 830K, committed 896K, reserved 1048576K
}
Event: 7.957 GC heap after
{Heap after GC invocations=8 (full 2):
 def new generation   total 19584K, used 959K [0x00000000f0800000, 0x00000000f1d40000, 0x00000000f5aa0000)
  eden space 17408K,   5% used [0x00000000f0800000, 0x00000000f08efed0, 0x00000000f1900000)
  from space 2176K,   0% used [0x00000000f1900000, 0x00000000f1900000, 0x00000000f1b20000)
  to   space 2176K,   0% used [0x00000000f1b20000, 0x00000000f1b20000, 0x00000000f1d40000)
 tenured generation   total 43496K, used 26096K [0x00000000f5aa0000, 0x00000000f851a000, 0x0000000100000000)
   the space 43496K,  59% used [0x00000000f5aa0000, 0x00000000f741c040, 0x00000000f741c200, 0x00000000f851a000)
 Metaspace       used 6982K, capacity 7222K, committed 7552K, reserved 1056768K
  class space    used 736K, capacity 830K, committed 896K, reserved 1048576K
}
Event: 8.079 GC heap before
{Heap before GC invocations=8 (full 2):
 def new generation   total 19584K, used 17408K [0x00000000f0800000, 0x00000000f1d40000, 0x00000000f5aa0000)
  eden space 17408K, 100% used [0x00000000f0800000, 0x00000000f1900000, 0x00000000f1900000)
  from space 2176K,   0% used [0x00000000f1900000, 0x00000000f1900000, 0x00000000f1b20000)
  to   space 2176K,   0% used [0x00000000f1b20000, 0x00000000f1b20000, 0x00000000f1d40000)
 tenured generation   total 43496K, used 26096K [0x00000000f5aa0000, 0x00000000f851a000, 0x0000000100000000)
   the space 43496K,  59% used [0x00000000f5aa0000, 0x00000000f741c040, 0x00000000f741c200, 0x00000000f851a000)
 Metaspace       used 6983K, capacity 7222K, committed 7552K, reserved 1056768K
  class space    used 736K, capacity 830K, committed 896K, reserved 1048576K
}
Event: 8.150 GC heap after
{Heap after GC invocations=9 (full 2):
 def new generation   total 19584K, used 2176K [0x00000000f0800000, 0x00000000f1d40000, 0x00000000f5aa0000)
  eden space 17408K,   0% used [0x00000000f0800000, 0x00000000f0800000, 0x00000000f1900000)
  from space 2176K, 100% used [0x00000000f1b20000, 0x00000000f1d40000, 0x00000000f1d40000)
  to   space 2176K,   0% used [0x00000000f1900000, 0x00000000f1900000, 0x00000000f1b20000)
 tenured generation   total 43496K, used 40584K [0x00000000f5aa0000, 0x00000000f851a000, 0x0000000100000000)
   the space 43496K,  93% used [0x00000000f5aa0000, 0x00000000f8242308, 0x00000000f8242400, 0x00000000f851a000)
 Metaspace       used 6983K, capacity 7222K, committed 7552K, reserved 1056768K
  class space    used 736K, capacity 830K, committed 896K, reserved 1048576K
}
Event: 8.259 GC heap before
{Heap before GC invocations=9 (full 2):
 def new generation   total 19584K, used 19584K [0x00000000f0800000, 0x00000000f1d40000, 0x00000000f5aa0000)
  eden space 17408K, 100% used [0x00000000f0800000, 0x00000000f1900000, 0x00000000f1900000)
  from space 2176K, 100% used [0x00000000f1b20000, 0x00000000f1d40000, 0x00000000f1d40000)
  to   space 2176K,   0% used [0x00000000f1900000, 0x00000000f1900000, 0x00000000f1b20000)
 tenured generation   total 43496K, used 40584K [0x00000000f5aa0000, 0x00000000f851a000, 0x0000000100000000)
   the space 43496K,  93% used [0x00000000f5aa0000, 0x00000000f8242308, 0x00000000f8242400, 0x00000000f851a000)
 Metaspace       used 6984K, capacity 7222K, committed 7552K, reserved 1056768K
  class space    used 736K, capacity 830K, committed 896K, reserved 1048576K
}
Event: 8.448 GC heap after
{Heap after GC invocations=10 (full 3):
 def new generation   total 42944K, used 2175K [0x00000000f0800000, 0x00000000f3690000, 0x00000000f5aa0000)
  eden space 38208K,   5% used [0x00000000f0800000, 0x00000000f0a1fef8, 0x00000000f2d50000)
  from space 4736K,   0% used [0x00000000f2d50000, 0x00000000f2d50000, 0x00000000f31f0000)
  to   space 4736K,   0% used [0x00000000f31f0000, 0x00000000f31f0000, 0x00000000f3690000)
 tenured generation   total 95284K, used 57168K [0x00000000f5aa0000, 0x00000000fb7ad000, 0x0000000100000000)
   the space 95284K,  59% used [0x00000000f5aa0000, 0x00000000f92741a8, 0x00000000f9274200, 0x00000000fb7ad000)
 Metaspace       used 6984K, capacity 7222K, committed 7552K, reserved 1056768K
  class space    used 736K, capacity 830K, committed 896K, reserved 1048576K
}
Event: 8.893 GC heap before
{Heap before GC invocations=10 (full 3):
 def new generation   total 42944K, used 38208K [0x00000000f0800000, 0x00000000f3690000, 0x00000000f5aa0000)
  eden space 38208K, 100% used [0x00000000f0800000, 0x00000000f2d50000, 0x00000000f2d50000)
  from space 4736K,   0% used [0x00000000f2d50000, 0x00000000f2d50000, 0x00000000f31f0000)
  to   space 4736K,   0% used [0x00000000f31f0000, 0x00000000f31f0000, 0x00000000f3690000)
 tenured generation   total 95284K, used 57168K [0x00000000f5aa0000, 0x00000000fb7ad000, 0x0000000100000000)
   the space 95284K,  59% used [0x00000000f5aa0000, 0x00000000f92741a8, 0x00000000f9274200, 0x00000000fb7ad000)
 Metaspace       used 7158K, capacity 7371K, committed 7552K, reserved 1056768K
  class space    used 755K, capacity 836K, committed 896K, reserved 1048576K
}
Event: 9.030 GC heap after
{Heap after GC invocations=11 (full 3):
 def new generation   total 42944K, used 4736K [0x00000000f0800000, 0x00000000f3690000, 0x00000000f5aa0000)
  eden space 38208K,   0% used [0x00000000f0800000, 0x00000000f0800000, 0x00000000f2d50000)
  from space 4736K, 100% used [0x00000000f31f0000, 0x00000000f3690000, 0x00000000f3690000)
  to   space 4736K,   0% used [0x00000000f2d50000, 0x00000000f2d50000, 0x00000000f31f0000)
 tenured generation   total 95284K, used 85284K [0x00000000f5aa0000, 0x00000000fb7ad000, 0x0000000100000000)
   the space 95284K,  89% used [0x00000000f5aa0000, 0x00000000fade92a0, 0x00000000fade9400, 0x00000000fb7ad000)
 Metaspace       used 7158K, capacity 7371K, committed 7552K, reserved 1056768K
  class space    used 755K, capacity 836K, committed 896K, reserved 1048576K
}
Event: 9.368 GC heap before
{Heap before GC invocations=11 (full 3):
 def new generation   total 42944K, used 42944K [0x00000000f0800000, 0x00000000f3690000, 0x00000000f5aa0000)
  eden space 38208K, 100% used [0x00000000f0800000, 0x00000000f2d50000, 0x00000000f2d50000)
  from space 4736K, 100% used [0x00000000f31f0000, 0x00000000f3690000, 0x00000000f3690000)
  to   space 4736K,   0% used [0x00000000f2d50000, 0x00000000f2d50000, 0x00000000f31f0000)
 tenured generation   total 95284K, used 85284K [0x00000000f5aa0000, 0x00000000fb7ad000, 0x0000000100000000)
   the space 95284K,  89% used [0x00000000f5aa0000, 0x00000000fade92a0, 0x00000000fade9400, 0x00000000fb7ad000)
 Metaspace       used 7165K, capacity 7371K, committed 7552K, reserved 1056768K
  class space    used 756K, capacity 836K, committed 896K, reserved 1048576K
}

